2025-10-08 22:46:42.586 | INFO     | main:process_invoice:95 - Processing file: invoice (2).pdf with language: eng
2025-10-08 22:46:42.586 | INFO     | app.services.document_processor:process_document:50 - Starting processing for invoice (2).pdf
2025-10-08 22:46:42.587 | INFO     | app.services.document_processor:_file_to_images:152 - Using Poppler from: C:\poppler-25.07.0\Library\bin
2025-10-08 22:46:44.373 | INFO     | app.services.document_processor:process_document:62 - Converted to 1 page(s)
2025-10-08 22:46:44.373 | INFO     | app.services.document_processor:process_document:69 - Processing page 1/1
2025-10-08 22:46:48.634 | INFO     | app.services.image_preprocessor:_deskew:110 - Deskewed image by -90.00 degrees
2025-10-08 22:46:51.647 | INFO     | app.services.entity_extractor:_extract_vendor_name:210 - Extracted vendor name: Ba>> Oe Re 209 8 Os Epyeos Td > Kay — Oo Oy Ubc Ee Ae Swi Pase Sey Your ) Ie) As %& Sos 5 5 G Yo Ss Aa 5 E 5 "Sa A Ms A) | Bree Eshs Sess A @ A. Ss) E/E La 6 Te Bee O @ &. A © 2) Pe Az Io) Se.) 3 | A Oe Bp E¢ & Ae) Se Ee Bb Ob 5/8/53 Elxeees Bes A O| = An = Bh — O E+ Fb «© Oq E Oo O Bw) E.| 6 Aug Fas 4 =] & Mds 5 O|8 Ro O A) Io} =| Fe) Ma™- We Oo Ele) A 5 O® Ib S 5 5 B § § Bolus Ks Ale Se Gsees Yo A & A 2S8Rnur Eae: Swmae C Oi 7“ Pb F 5 Wphthea* El Onl! Zr Ooo E Se F Sb Hrs Dq] & | > Sae 8 & _ G Post Er Ee Ae 225° 3 Z2O% Ny Wr Bld. S3E F Be Eib E75 5, 228S ° Se Qu Eo. Oo|Wm|& 3 Cn < Seow Ko) W Ct. Ug B Es 5 O Hoo Oq. Rq) ° ° Fon Ot 2 Wd A Fh =) N O. Aa.E 2 5 5 Ie) 9 "3S Be Os E: 3 8 + % Ow A. = 3 4 Se S Cp Of S S “I ® Gn 5 On Pu On ~» 2 ‘S O Qouao Rw Smee No Es Bhe 4 A & Pses 2Uor S586 5 4 Me Gy Sf °R Qo © Som Ror S > Ergs 93 Es O > S A Al |S8 Se Oy B99 < 2S Og Zw] W] W Db Da <, Oo} 4] As Ps Trod Oq Td} Mla] Eg S O Claya A] Odious I Sre Th 2 Ss Slerelsis Ous Yi S| S) S| S »Nes Ss Els] Se] To B Fs) Wt) 9] 09/27] No] A] 9] 8 Pa Et | Or Cr] Ot] Ot] G Pf Eale|2)Olol2| 2 S|5/S\S/S/ 5 Soo] S| O — (confidence: 0.7)
2025-10-08 22:46:51.649 | INFO     | app.services.entity_extractor:_extract_line_items:264 - Extracted 0 line items
2025-10-08 22:46:51.649 | INFO     | app.services.document_processor:process_document:82 - Page 1 OCR confidence: 0.28
2025-10-08 22:46:51.649 | INFO     | app.services.entity_extractor:calculate_overall_confidence:291 - Overall confidence score: 0.70
2025-10-08 22:46:51.650 | INFO     | app.services.document_processor:process_document:108 - Processing completed in 9.06s with confidence 0.70
2025-10-08 22:46:51.652 | INFO     | main:process_invoice:116 - Successfully processed invoice (2).pdf
2025-10-08 22:51:17.115 | INFO     | main:process_invoice:95 - Processing file: img1.png with language: eng
2025-10-08 22:51:17.122 | INFO     | app.services.document_processor:process_document:50 - Starting processing for img1.png
2025-10-08 22:51:17.197 | INFO     | app.services.document_processor:process_document:62 - Converted to 1 page(s)
2025-10-08 22:51:17.197 | INFO     | app.services.document_processor:process_document:69 - Processing page 1/1
2025-10-08 22:51:18.589 | INFO     | app.services.image_preprocessor:_deskew:110 - Deskewed image by -90.00 degrees
2025-10-08 22:51:20.441 | INFO     | app.services.entity_extractor:_extract_vendor_name:210 - Extracted vendor name: Cv Dv : ; Rox M2Zua Of 2 Ww] =/8 #8 Sege 3S. 5 : Ss Are Aogx Qo 3 |. Avo3 Oo = 2 2P Oust 8 2/0; O)/ 9 Ravypuae Apg 6002 8 (Elelal@| O28 O A Ooo O O12 57 Zz Q+ -O <A 5 |@/3/4/8| & 88 Ro 8 ® 2 Fel|Z/Si° Gs | 8B 8 S 2 |Sjzjsie} 88 | Se 8 Ea Rata Lc: Q 3. 2 |/5/8/S]2 A 3 So |S A) S I @Q A A Feje2}S I) Qo 2/8) 4 3 Bis 5 A/ O- = Be) @ 2 Io G Oo G Ss. = Om 72) A) 2 —_ & Nn] =|& 53 Co . <= De G 6:2 2 88 8 >N Boe: 38 2) Ou 3 By & 55 Zz S Ved La |“Ela No) 5 Aen¢S | [Sleareh Vross Gs A. T Om S| Bpn A 3/8/8 My G © 2. Ht - ‘Oe 55S Ca On Nm | Ao - = 7 = Eee Pid Mel Cased B> Vv Ez 4S S Hr Wpely Nn'< Erm | W@ | Spsl-Ri]G . R Oun Nr B| Oh Ls A An Nmp | Pf Lelolols S386 (confidence: 0.7)
2025-10-08 22:51:20.442 | INFO     | app.services.entity_extractor:_extract_line_items:264 - Extracted 0 line items
2025-10-08 22:51:20.443 | INFO     | app.services.document_processor:process_document:82 - Page 1 OCR confidence: 0.27
2025-10-08 22:51:20.443 | INFO     | app.services.entity_extractor:calculate_overall_confidence:291 - Overall confidence score: 0.70
2025-10-08 22:51:20.444 | INFO     | app.services.document_processor:process_document:108 - Processing completed in 3.32s with confidence 0.70
2025-10-08 22:51:20.446 | INFO     | main:process_invoice:116 - Successfully processed img1.png
